<?xml version="1.0" encoding="UTF-8"?>
<testng-results skipped="0" failed="0" ignored="0" total="1" passed="1">
  <reporter-output>
  </reporter-output>
  <suite name="Default suite" duration-ms="25735" started-at="2022-06-13T18:07:35 IST" finished-at="2022-06-13T18:08:01 IST">
    <groups>
    </groups>
    <test name="Default test" duration-ms="25735" started-at="2022-06-13T18:07:35 IST" finished-at="2022-06-13T18:08:01 IST">
      <class name="DemoSikuliMt.DemoWebShop">
        <test-method status="PASS" signature="openbrowser()[pri:0, instance:DemoSikuliMt.DemoWebShop@1877ab81]" name="openbrowser" is-config="true" duration-ms="10408" started-at="2022-06-13T18:07:25 IST" finished-at="2022-06-13T18:07:35 IST">
          <reporter-output>
          </reporter-output>
        </test-method> <!-- openbrowser -->
        <test-method status="PASS" signature="openurl()[pri:0, instance:DemoSikuliMt.DemoWebShop@1877ab81]" name="openurl" is-config="true" duration-ms="3277" started-at="2022-06-13T18:07:35 IST" finished-at="2022-06-13T18:07:38 IST">
          <reporter-output>
          </reporter-output>
        </test-method> <!-- openurl -->
        <test-method status="PASS" signature="pagemaximize()[pri:0, instance:DemoSikuliMt.DemoWebShop@1877ab81]" name="pagemaximize" is-config="true" duration-ms="205" started-at="2022-06-13T18:07:39 IST" finished-at="2022-06-13T18:07:39 IST">
          <reporter-output>
          </reporter-output>
        </test-method> <!-- pagemaximize -->
        <test-method status="PASS" signature="pagewait()[pri:0, instance:DemoSikuliMt.DemoWebShop@1877ab81]" name="pagewait" is-config="true" duration-ms="8" started-at="2022-06-13T18:07:39 IST" finished-at="2022-06-13T18:07:39 IST">
          <reporter-output>
          </reporter-output>
        </test-method> <!-- pagewait -->
        <test-method status="PASS" signature="alldetails()[pri:0, instance:DemoSikuliMt.DemoWebShop@1877ab81]" name="alldetails" duration-ms="22175" started-at="2022-06-13T18:07:39 IST" finished-at="2022-06-13T18:08:01 IST">
          <reporter-output>
          </reporter-output>
        </test-method> <!-- alldetails -->
      </class> <!-- DemoSikuliMt.DemoWebShop -->
    </test> <!-- Default test -->
  </suite> <!-- Default suite -->
</testng-results>
